*** Starting uWSGI 2.0.18 (64bit) on [Mon Nov 23 16:39:57 2020] ***
compiled with version: 7.5.0 on 10 March 2020 05:06:23
os: Linux-5.4.0-51-generic #56~18.04.1-Ubuntu SMP Tue Oct 6 09:47:18 UTC 2020
nodename: tedu
machine: x86_64
clock source: unix
detected number of CPU cores: 4
current working directory: /home/tarena/PycharmProjects/Django_WebShop/mysite1/mysite1
writing pidfile to uwsgi.pid
detected binary path: /usr/local/bin/uwsgi
!!! no internal routing support, rebuild with pcre support !!!
uWSGI running as root, you can use --uid/--gid/--chroot options
*** WARNING: you are running uWSGI as root !!! (use the --uid flag) *** 
chdir() to /home/tarena/PycharmProjects/Django_WebShop 这里需要换为项目文件夹的绝对路径
chdir(): No such file or directory [core/uwsgi.c line 2623]
*** Starting uWSGI 2.0.18 (64bit) on [Mon Nov 23 16:43:03 2020] ***
compiled with version: 7.5.0 on 10 March 2020 05:06:23
os: Linux-5.4.0-51-generic #56~18.04.1-Ubuntu SMP Tue Oct 6 09:47:18 UTC 2020
nodename: tedu
machine: x86_64
clock source: unix
detected number of CPU cores: 4
current working directory: /home/tarena/PycharmProjects/Django_WebShop/mysite1/mysite1
writing pidfile to uwsgi.pid
detected binary path: /usr/local/bin/uwsgi
!!! no internal routing support, rebuild with pcre support !!!
uWSGI running as root, you can use --uid/--gid/--chroot options
*** WARNING: you are running uWSGI as root !!! (use the --uid flag) *** 
chdir() to /home/tarena/PycharmProjects/Django_WebShop 这里需要换为项目文件夹的绝对路径
chdir(): No such file or directory [core/uwsgi.c line 2623]
*** Starting uWSGI 2.0.18 (64bit) on [Mon Nov 23 16:44:37 2020] ***
compiled with version: 7.5.0 on 10 March 2020 05:06:23
os: Linux-5.4.0-51-generic #56~18.04.1-Ubuntu SMP Tue Oct 6 09:47:18 UTC 2020
nodename: tedu
machine: x86_64
clock source: unix
detected number of CPU cores: 4
current working directory: /home/tarena/PycharmProjects/Django_WebShop/mysite1/mysite1
writing pidfile to uwsgi.pid
detected binary path: /usr/local/bin/uwsgi
!!! no internal routing support, rebuild with pcre support !!!
uWSGI running as root, you can use --uid/--gid/--chroot options
*** WARNING: you are running uWSGI as root !!! (use the --uid flag) *** 
chdir() to /home/tarena/PycharmProjects/Django_WebShop 这里需要换为项目文件夹的绝对路径
chdir(): No such file or directory [core/uwsgi.c line 2623]
*** Starting uWSGI 2.0.18 (64bit) on [Mon Nov 23 16:46:19 2020] ***
compiled with version: 7.5.0 on 10 March 2020 05:06:23
os: Linux-5.4.0-51-generic #56~18.04.1-Ubuntu SMP Tue Oct 6 09:47:18 UTC 2020
nodename: tedu
machine: x86_64
clock source: unix
detected number of CPU cores: 4
current working directory: /home/tarena/PycharmProjects/Django_WebShop/mysite1/mysite1
writing pidfile to uwsgi.pid
detected binary path: /usr/local/bin/uwsgi
!!! no internal routing support, rebuild with pcre support !!!
uWSGI running as root, you can use --uid/--gid/--chroot options
*** WARNING: you are running uWSGI as root !!! (use the --uid flag) *** 
chdir() to /home/tarena/PycharmProjects/Django_WebShop/mysite1 这里需要换为项目文件夹的绝对路径
chdir(): No such file or directory [core/uwsgi.c line 2623]
*** Starting uWSGI 2.0.18 (64bit) on [Mon Nov 23 16:53:15 2020] ***
compiled with version: 7.5.0 on 10 March 2020 05:06:23
os: Linux-5.4.0-51-generic #56~18.04.1-Ubuntu SMP Tue Oct 6 09:47:18 UTC 2020
nodename: tedu
machine: x86_64
clock source: unix
detected number of CPU cores: 4
current working directory: /home/tarena/PycharmProjects/Django_WebShop/mysite1/mysite1
writing pidfile to uwsgi.pid
detected binary path: /usr/local/bin/uwsgi
!!! no internal routing support, rebuild with pcre support !!!
uWSGI running as root, you can use --uid/--gid/--chroot options
*** WARNING: you are running uWSGI as root !!! (use the --uid flag) *** 
chdir() to /home/tarena/PycharmProjects/Django_WebShop/mysite1
your processes number limit is 31240
your memory page size is 4096 bytes
detected max file descriptor number: 1048576
lock engine: pthread robust mutexes
thunder lock: disabled (you can enable it with --thunder-lock)
uWSGI http bound on 176.215.66.101:8887 fd 4
uwsgi socket 0 bound to TCP address 127.0.0.1:37379 (port auto-assigned) fd 3
uWSGI running as root, you can use --uid/--gid/--chroot options
*** WARNING: you are running uWSGI as root !!! (use the --uid flag) *** 
Python version: 3.6.9 (default, Oct  8 2020, 12:12:24)  [GCC 8.4.0]
Python main interpreter initialized at 0x5604c79cef90
uWSGI running as root, you can use --uid/--gid/--chroot options
*** WARNING: you are running uWSGI as root !!! (use the --uid flag) *** 
python threads support enabled
your server socket listen backlog is limited to 100 connections
your mercy for graceful operations on workers is 60 seconds
mapped 166752 bytes (162 KB) for 2 cores
*** Operational MODE: threaded ***
WSGI app 0 (mountpoint='') ready in 0 seconds on interpreter 0x5604c79cef90 pid: 16686 (default app)
uWSGI running as root, you can use --uid/--gid/--chroot options
*** WARNING: you are running uWSGI as root !!! (use the --uid flag) *** 
*** uWSGI is running in multiple interpreter mode ***
spawned uWSGI master process (pid: 16686)
spawned uWSGI worker 1 (pid: 16690, cores: 2)
spawned uWSGI http 1 (pid: 16691)
[{'176.215.66.101': '/orders/list'}, {'176.215.66.101': '/orders/list'}]
2
中间件方法 process_request 被调用
中间件方法 process_view 被调用
./orders/views.py:43: UnorderedObjectListWarning: Pagination may yield inconsistent results with an unordered object_list: <class 'orders.models.Order'> QuerySet.
  paginator = Paginator(order, 2)
中间件方法 process_response 被调用
[pid: 16690|app: 0|req: 1/1] 176.215.66.101 () {40 vars in 864 bytes} [Mon Nov 23 16:53:32 2020] GET /orders/list => generated 991 bytes in 153 msecs (HTTP/1.1 200) 4 headers in 123 bytes (1 switches on core 0)
[{'176.215.66.101': '/orders/list'}, {'176.215.66.101': '/orders/list'}]
2
中间件方法 process_request 被调用
中间件方法 process_view 被调用
中间件方法 process_response 被调用
[pid: 16690|app: 0|req: 2/2] 176.215.66.101 () {40 vars in 900 bytes} [Mon Nov 23 16:53:34 2020] GET /orders/list?page=2 => generated 1017 bytes in 25 msecs (HTTP/1.1 200) 4 headers in 124 bytes (1 switches on core 1)
[{'176.215.66.101': '/orders/list'}, {'176.215.66.101': '/orders/list'}]
2
中间件方法 process_request 被调用
中间件方法 process_view 被调用
中间件方法 process_response 被调用
[pid: 16690|app: 0|req: 3/3] 176.215.66.101 () {40 vars in 907 bytes} [Mon Nov 23 16:53:34 2020] GET /orders/list?page=3 => generated 988 bytes in 7 msecs (HTTP/1.1 200) 4 headers in 123 bytes (1 switches on core 0)
SIGINT/SIGQUIT received...killing workers...
gateway "uWSGI http 1" has been buried (pid: 16691)
worker 1 buried after 1 seconds
goodbye to uWSGI.
*** Starting uWSGI 2.0.18 (64bit) on [Mon Nov 23 16:54:40 2020] ***
compiled with version: 7.5.0 on 10 March 2020 05:06:23
os: Linux-5.4.0-51-generic #56~18.04.1-Ubuntu SMP Tue Oct 6 09:47:18 UTC 2020
nodename: tedu
machine: x86_64
clock source: unix
detected number of CPU cores: 4
current working directory: /home/tarena/PycharmProjects/Django_WebShop/mysite1/mysite1
writing pidfile to uwsgi.pid
detected binary path: /usr/local/bin/uwsgi
!!! no internal routing support, rebuild with pcre support !!!
uWSGI running as root, you can use --uid/--gid/--chroot options
*** WARNING: you are running uWSGI as root !!! (use the --uid flag) *** 
chdir() to /home/tarena/PycharmProjects/Django_WebShop/mysite1
your processes number limit is 31240
your memory page size is 4096 bytes
detected max file descriptor number: 1048576
lock engine: pthread robust mutexes
thunder lock: disabled (you can enable it with --thunder-lock)
uWSGI http bound on 176.215.66.101:8887 fd 4
uwsgi socket 0 bound to TCP address 127.0.0.1:42509 (port auto-assigned) fd 3
uWSGI running as root, you can use --uid/--gid/--chroot options
*** WARNING: you are running uWSGI as root !!! (use the --uid flag) *** 
Python version: 3.6.9 (default, Oct  8 2020, 12:12:24)  [GCC 8.4.0]
Python main interpreter initialized at 0x563e7431af90
uWSGI running as root, you can use --uid/--gid/--chroot options
*** WARNING: you are running uWSGI as root !!! (use the --uid flag) *** 
python threads support enabled
your server socket listen backlog is limited to 100 connections
your mercy for graceful operations on workers is 60 seconds
mapped 166752 bytes (162 KB) for 2 cores
*** Operational MODE: threaded ***
WSGI app 0 (mountpoint='') ready in 0 seconds on interpreter 0x563e7431af90 pid: 16784 (default app)
uWSGI running as root, you can use --uid/--gid/--chroot options
*** WARNING: you are running uWSGI as root !!! (use the --uid flag) *** 
*** uWSGI is running in multiple interpreter mode ***
spawned uWSGI master process (pid: 16784)
spawned uWSGI worker 1 (pid: 16788, cores: 2)
spawned uWSGI http 1 (pid: 16790)
[{'176.215.66.101': '/orders/list'}, {'176.215.66.101': '/orders/list'}]
2
中间件方法 process_request 被调用
中间件方法 process_view 被调用
./orders/views.py:43: UnorderedObjectListWarning: Pagination may yield inconsistent results with an unordered object_list: <class 'orders.models.Order'> QuerySet.
  paginator = Paginator(order, 2)
中间件方法 process_response 被调用
[pid: 16788|app: 0|req: 1/1] 176.215.66.101 () {42 vars in 938 bytes} [Mon Nov 23 16:54:44 2020] GET /orders/list?page=3 => generated 988 bytes in 126 msecs (HTTP/1.1 200) 4 headers in 123 bytes (1 switches on core 0)
SIGINT/SIGQUIT received...killing workers...
gateway "uWSGI http 1" has been buried (pid: 16790)
worker 1 buried after 1 seconds
goodbye to uWSGI.
*** Starting uWSGI 2.0.18 (64bit) on [Mon Nov 23 16:56:06 2020] ***
compiled with version: 7.5.0 on 10 March 2020 05:06:23
os: Linux-5.4.0-51-generic #56~18.04.1-Ubuntu SMP Tue Oct 6 09:47:18 UTC 2020
nodename: tedu
machine: x86_64
clock source: unix
detected number of CPU cores: 4
current working directory: /home/tarena/PycharmProjects/Django_WebShop/mysite1/mysite1
writing pidfile to uwsgi.pid
detected binary path: /usr/local/bin/uwsgi
!!! no internal routing support, rebuild with pcre support !!!
uWSGI running as root, you can use --uid/--gid/--chroot options
*** WARNING: you are running uWSGI as root !!! (use the --uid flag) *** 
chdir() to /home/tarena/PycharmProjects/Django_WebShop/mysite1
your processes number limit is 31240
your memory page size is 4096 bytes
detected max file descriptor number: 1048576
lock engine: pthread robust mutexes
thunder lock: disabled (you can enable it with --thunder-lock)
uWSGI http bound on 176.215.66.101:8887 fd 4
uwsgi socket 0 bound to TCP address 127.0.0.1:44049 (port auto-assigned) fd 3
uWSGI running as root, you can use --uid/--gid/--chroot options
*** WARNING: you are running uWSGI as root !!! (use the --uid flag) *** 
Python version: 3.6.9 (default, Oct  8 2020, 12:12:24)  [GCC 8.4.0]
Python main interpreter initialized at 0x5606cd398f90
uWSGI running as root, you can use --uid/--gid/--chroot options
*** WARNING: you are running uWSGI as root !!! (use the --uid flag) *** 
python threads support enabled
your server socket listen backlog is limited to 100 connections
your mercy for graceful operations on workers is 60 seconds
mapped 166752 bytes (162 KB) for 2 cores
*** Operational MODE: threaded ***
WSGI app 0 (mountpoint='') ready in 0 seconds on interpreter 0x5606cd398f90 pid: 16848 (default app)
uWSGI running as root, you can use --uid/--gid/--chroot options
*** WARNING: you are running uWSGI as root !!! (use the --uid flag) *** 
*** uWSGI is running in multiple interpreter mode ***
spawned uWSGI master process (pid: 16848)
spawned uWSGI worker 1 (pid: 16851, cores: 2)
spawned uWSGI http 1 (pid: 16852)
[{'176.215.66.101': '/orders/list'}, {'176.215.66.101': '/orders/list'}]
2
中间件方法 process_request 被调用
中间件方法 process_view 被调用
./orders/views.py:43: UnorderedObjectListWarning: Pagination may yield inconsistent results with an unordered object_list: <class 'orders.models.Order'> QuerySet.
  paginator = Paginator(order, 2)
中间件方法 process_response 被调用
[pid: 16851|app: 0|req: 1/1] 176.215.66.101 () {40 vars in 907 bytes} [Mon Nov 23 16:56:15 2020] GET /orders/list?page=2 => generated 1017 bytes in 118 msecs (HTTP/1.1 200) 4 headers in 124 bytes (1 switches on core 0)
[{'176.215.66.101': '/orders/list'}, {'176.215.66.101': '/orders/list'}]
2
中间件方法 process_request 被调用
中间件方法 process_view 被调用
中间件方法 process_response 被调用
[pid: 16851|app: 0|req: 2/2] 176.215.66.101 () {40 vars in 907 bytes} [Mon Nov 23 16:56:15 2020] GET /orders/list?page=1 => generated 991 bytes in 25 msecs (HTTP/1.1 200) 4 headers in 123 bytes (1 switches on core 1)
*** Starting uWSGI 2.0.18 (64bit) on [Mon Nov 23 17:03:50 2020] ***
compiled with version: 7.5.0 on 10 March 2020 05:06:23
os: Linux-5.4.0-51-generic #56~18.04.1-Ubuntu SMP Tue Oct 6 09:47:18 UTC 2020
nodename: tedu
machine: x86_64
clock source: unix
detected number of CPU cores: 4
current working directory: /home/tarena/PycharmProjects/Django_WebShop/mysite1/mysite1
writing pidfile to uwsgi.pid
detected binary path: /usr/local/bin/uwsgi
!!! no internal routing support, rebuild with pcre support !!!
uWSGI running as root, you can use --uid/--gid/--chroot options
*** WARNING: you are running uWSGI as root !!! (use the --uid flag) *** 
chdir() to /home/tarena/PycharmProjects/Django_WebShop/mysite1
your processes number limit is 31240
your memory page size is 4096 bytes
detected max file descriptor number: 1048576
lock engine: pthread robust mutexes
thunder lock: disabled (you can enable it with --thunder-lock)
uWSGI http bound on 176.215.66.101:8887 fd 4
uwsgi socket 0 bound to TCP address 127.0.0.1:45153 (port auto-assigned) fd 3
uWSGI running as root, you can use --uid/--gid/--chroot options
*** WARNING: you are running uWSGI as root !!! (use the --uid flag) *** 
Python version: 3.6.9 (default, Oct  8 2020, 12:12:24)  [GCC 8.4.0]
Python main interpreter initialized at 0x55e1d3e39f90
uWSGI running as root, you can use --uid/--gid/--chroot options
*** WARNING: you are running uWSGI as root !!! (use the --uid flag) *** 
python threads support enabled
your server socket listen backlog is limited to 100 connections
your mercy for graceful operations on workers is 60 seconds
mapped 166752 bytes (162 KB) for 2 cores
*** Operational MODE: threaded ***
WSGI app 0 (mountpoint='') ready in 0 seconds on interpreter 0x55e1d3e39f90 pid: 17646 (default app)
uWSGI running as root, you can use --uid/--gid/--chroot options
*** WARNING: you are running uWSGI as root !!! (use the --uid flag) *** 
*** uWSGI is running in multiple interpreter mode ***
spawned uWSGI master process (pid: 17646)
spawned uWSGI worker 1 (pid: 17656, cores: 2)
spawned uWSGI http 1 (pid: 17658)
[{'176.215.66.101': '/orders/list'}, {'176.215.66.101': '/orders/list'}]
2
中间件方法 process_request 被调用
中间件方法 process_view 被调用
./orders/views.py:43: UnorderedObjectListWarning: Pagination may yield inconsistent results with an unordered object_list: <class 'orders.models.Order'> QuerySet.
  paginator = Paginator(order, 2)
中间件方法 process_response 被调用
[pid: 17656|app: 0|req: 1/1] 176.215.66.101 () {42 vars in 938 bytes} [Mon Nov 23 17:03:53 2020] GET /orders/list?page=2 => generated 1017 bytes in 116 msecs (HTTP/1.1 200) 4 headers in 124 bytes (1 switches on core 0)
*** Starting uWSGI 2.0.18 (64bit) on [Mon Nov 23 17:04:35 2020] ***
compiled with version: 7.5.0 on 10 March 2020 05:06:23
os: Linux-5.4.0-51-generic #56~18.04.1-Ubuntu SMP Tue Oct 6 09:47:18 UTC 2020
nodename: tedu
machine: x86_64
clock source: unix
detected number of CPU cores: 4
current working directory: /home/tarena/PycharmProjects/Django_WebShop/mysite1/mysite1
writing pidfile to uwsgi.pid
detected binary path: /usr/local/bin/uwsgi
!!! no internal routing support, rebuild with pcre support !!!
uWSGI running as root, you can use --uid/--gid/--chroot options
*** WARNING: you are running uWSGI as root !!! (use the --uid flag) *** 
chdir() to /home/tarena/PycharmProjects/Django_WebShop/mysite1
your processes number limit is 31240
your memory page size is 4096 bytes
detected max file descriptor number: 1048576
lock engine: pthread robust mutexes
thunder lock: disabled (you can enable it with --thunder-lock)
uWSGI http bound on 176.215.66.101:8887 fd 4
uwsgi socket 0 bound to TCP address 127.0.0.1:38527 (port auto-assigned) fd 3
uWSGI running as root, you can use --uid/--gid/--chroot options
*** WARNING: you are running uWSGI as root !!! (use the --uid flag) *** 
Python version: 3.6.9 (default, Oct  8 2020, 12:12:24)  [GCC 8.4.0]
Python main interpreter initialized at 0x5611e94c3f90
uWSGI running as root, you can use --uid/--gid/--chroot options
*** WARNING: you are running uWSGI as root !!! (use the --uid flag) *** 
python threads support enabled
your server socket listen backlog is limited to 100 connections
your mercy for graceful operations on workers is 60 seconds
mapped 166752 bytes (162 KB) for 2 cores
*** Operational MODE: threaded ***
WSGI app 0 (mountpoint='') ready in 1 seconds on interpreter 0x5611e94c3f90 pid: 17779 (default app)
uWSGI running as root, you can use --uid/--gid/--chroot options
*** WARNING: you are running uWSGI as root !!! (use the --uid flag) *** 
*** uWSGI is running in multiple interpreter mode ***
spawned uWSGI master process (pid: 17779)
spawned uWSGI worker 1 (pid: 17783, cores: 2)
spawned uWSGI http 1 (pid: 17784)
[{'176.215.66.101': '/orders/list'}, {'176.215.66.101': '/orders/list'}]
2
中间件方法 process_request 被调用
中间件方法 process_view 被调用
./orders/views.py:43: UnorderedObjectListWarning: Pagination may yield inconsistent results with an unordered object_list: <class 'orders.models.Order'> QuerySet.
  paginator = Paginator(order, 2)
中间件方法 process_response 被调用
[pid: 17783|app: 0|req: 1/1] 176.215.66.101 () {42 vars in 938 bytes} [Mon Nov 23 17:04:51 2020] GET /orders/list?page=2 => generated 1017 bytes in 115 msecs (HTTP/1.1 200) 4 headers in 124 bytes (1 switches on core 0)
[{'176.215.66.101': '/orders/list'}, {'176.215.66.101': '/orders/list'}]
2
中间件方法 process_request 被调用
中间件方法 process_view 被调用
中间件方法 process_response 被调用
[pid: 17783|app: 0|req: 2/2] 176.215.66.101 () {40 vars in 907 bytes} [Mon Nov 23 17:04:52 2020] GET /orders/list?page=3 => generated 988 bytes in 22 msecs (HTTP/1.1 200) 4 headers in 123 bytes (1 switches on core 1)
